2024-06-10 09:50:35,370 telethon.network.mtprotosender INFO Connecting to 149.154.167.51:443/TcpFull...
2024-06-10 09:50:37,014 telethon.network.mtprotosender INFO Connection to 149.154.167.51:443/TcpFull complete!
2024-06-10 09:51:35,341 telethon.network.mtprotosender INFO Connecting to 149.154.167.51:443/TcpFull...
2024-06-10 09:51:36,458 telethon.network.mtprotosender INFO Connection to 149.154.167.51:443/TcpFull complete!
2024-06-10 09:51:52,563 telethon.client.users INFO Phone migrated to 4
2024-06-10 09:51:52,670 telethon.client.telegrambaseclient INFO Reconnecting to new data center 4
2024-06-10 09:51:52,798 telethon.network.mtprotosender INFO Disconnecting from 149.154.167.51:443/TcpFull...
2024-06-10 09:51:52,800 telethon.network.mtprotosender INFO Disconnection from 149.154.167.51:443/TcpFull complete!
2024-06-10 09:51:52,801 telethon.network.mtprotosender INFO Connecting to 149.154.167.91:443/TcpFull...
2024-06-10 09:51:54,596 telethon.network.mtprotosender INFO Connection to 149.154.167.91:443/TcpFull complete!
2024-06-10 09:52:30,122 __main__ INFO Scraped message from DoctorsET: 
2024-06-10 09:52:30,122 __main__ INFO Scraped message from DoctorsET: 
2024-06-10 09:52:30,125 __main__ INFO Scraped message from DoctorsET: 
2024-06-10 09:52:30,127 __main__ INFO Scraped message from DoctorsET: 
2024-06-10 09:52:30,127 __main__ INFO Scraped message from DoctorsET: 
2024-06-10 09:52:30,127 __main__ INFO Scraped message from DoctorsET: 
2024-06-10 09:52:30,127 __main__ INFO Scraped message from DoctorsET: 
2024-06-10 09:52:30,127 __main__ INFO Scraped message from DoctorsET: 
2024-06-10 09:52:30,144 __main__ INFO Scraped message from DoctorsET: 
2024-06-10 09:52:30,144 __main__ INFO Scraped message from DoctorsET: 
2024-06-10 09:52:30,144 __main__ INFO Scraped message from DoctorsET: 
2024-06-10 09:52:30,144 __main__ INFO Scraped message from DoctorsET: 
2024-06-10 09:52:30,144 __main__ INFO Scraped message from DoctorsET: 
2024-06-10 09:52:30,161 __main__ INFO Scraped message from DoctorsET: 
2024-06-10 09:52:30,161 __main__ INFO Scraped message from DoctorsET: 
2024-06-10 09:52:30,161 __main__ INFO Scraped message from DoctorsET: Ethiopian Medical Association's 58th Medical Conference is slated to be held on Friday, April 15, 2022, and Saturday April 16,2022. 

We cordially invite any interested health professionals to attend the conference virtually using the link below. 

https://www.ethiopianmedicalass.org/58th-amc-registration/ 

#annualmedicalconference #ema #58th #paneldiscussions #scientific sessions #abstracts
2024-06-10 09:52:30,177 __main__ INFO Scraped message from DoctorsET: 
2024-06-10 09:52:30,177 __main__ INFO Scraped message from DoctorsET: 
2024-06-10 09:52:30,177 __main__ INFO Scraped message from DoctorsET: 
2024-06-10 09:52:30,194 __main__ INFO Scraped message from DoctorsET: 
2024-06-10 09:52:30,197 __main__ INFO Scraped message from DoctorsET: 
2024-06-10 09:52:30,199 __main__ INFO Scraped message from DoctorsET: 
2024-06-10 09:52:30,222 __main__ INFO Scraped message from DoctorsET: 
2024-06-10 09:52:30,222 __main__ INFO Scraped message from DoctorsET: 
2024-06-10 09:52:30,222 __main__ INFO Scraped message from DoctorsET: 
2024-06-10 09:52:30,222 __main__ INFO Scraped message from DoctorsET: 
2024-06-10 09:52:30,237 __main__ INFO Scraped message from DoctorsET: 
2024-06-10 09:52:30,238 __main__ INFO Scraped message from DoctorsET: 
2024-06-10 09:52:30,238 __main__ INFO Scraped message from DoctorsET: 
2024-06-10 09:52:30,238 __main__ INFO Scraped message from DoctorsET: 
2024-06-10 09:52:30,238 __main__ INFO Scraped message from DoctorsET: 
2024-06-10 09:52:30,260 __main__ INFO Scraped message from DoctorsET: 
2024-06-10 09:52:30,260 __main__ INFO Scraped message from DoctorsET: 
2024-06-10 09:52:30,260 __main__ INFO Scraped message from DoctorsET: 
2024-06-10 09:52:30,260 __main__ INFO Scraped message from DoctorsET: 
2024-06-10 09:52:30,291 __main__ INFO Scraped message from DoctorsET: 
2024-06-10 09:52:30,292 __main__ INFO Scraped message from DoctorsET: 
2024-06-10 09:52:30,307 __main__ INFO Scraped message from DoctorsET: 
2024-06-10 09:52:30,307 __main__ INFO Scraped message from DoctorsET: 
2024-06-10 09:52:30,307 __main__ INFO Scraped message from DoctorsET: 
2024-06-10 09:52:30,308 __main__ INFO Scraped message from DoctorsET: 
2024-06-10 09:52:30,308 __main__ INFO Scraped message from DoctorsET: 
2024-06-10 09:52:30,308 __main__ INFO Scraped message from DoctorsET: 
2024-06-10 09:52:30,308 __main__ INFO Scraped message from DoctorsET: 
2024-06-10 09:52:30,321 __main__ INFO Scraped message from DoctorsET: 
2024-06-10 09:52:30,321 __main__ INFO Scraped message from DoctorsET: 
2024-06-10 09:52:30,321 __main__ INFO Scraped message from DoctorsET: 
2024-06-10 09:52:30,321 __main__ INFO Scraped message from DoctorsET: 
2024-06-10 09:52:30,322 __main__ INFO Scraped message from DoctorsET: 
2024-06-10 09:52:30,336 __main__ INFO Scraped message from DoctorsET: 
2024-06-10 09:52:30,336 __main__ INFO Scraped message from DoctorsET: 
2024-06-10 09:52:30,336 __main__ INFO Scraped message from DoctorsET: 
2024-06-10 09:52:30,344 __main__ INFO Scraped message from DoctorsET: None
2024-06-10 09:52:31,528 __main__ INFO Scraped message from lobelia4cosmetics: 
2024-06-10 09:52:32,416 __main__ INFO Scraped message from yetenaweg: None
2024-06-10 09:52:32,438 __main__ INFO Scraped message from yetenaweg: None
2024-06-10 09:52:32,438 __main__ INFO Scraped message from yetenaweg: 
2024-06-10 09:52:32,451 __main__ INFO Scraped message from yetenaweg: https://www.clubhouse.com/room/xlOVk34E?utm_medium=ch_room_xr&utm_campaign=hRlA5hD3l5eqiHBShxl5xA-1276560
2024-06-10 09:52:32,451 __main__ INFO Scraped message from yetenaweg: None
2024-06-10 09:52:32,451 __main__ INFO Scraped message from yetenaweg: 
2024-06-10 09:52:32,451 __main__ INFO Scraped message from yetenaweg: 
2024-06-10 09:52:32,453 __main__ INFO Scraped message from yetenaweg: 
2024-06-10 09:52:32,453 __main__ INFO Scraped message from yetenaweg: 
2024-06-10 09:52:32,464 __main__ INFO Scraped message from yetenaweg: 
2024-06-10 09:52:32,464 __main__ INFO Scraped message from yetenaweg: 
2024-06-10 09:52:32,465 __main__ INFO Scraped message from yetenaweg: 
2024-06-10 09:52:32,470 __main__ INFO Scraped message from yetenaweg: None
2024-06-10 09:52:32,474 __main__ INFO Scraped message from yetenaweg: None
2024-06-10 09:52:32,474 __main__ INFO Scraped message from yetenaweg: 
2024-06-10 09:52:32,478 __main__ INFO Scraped message from yetenaweg: None
2024-06-10 09:52:32,478 __main__ INFO Scraped message from yetenaweg: None
2024-06-10 09:52:32,482 __main__ INFO Scraped message from yetenaweg: None
2024-06-10 09:52:32,482 __main__ INFO Scraped message from yetenaweg: 
2024-06-10 09:52:32,487 __main__ INFO Scraped message from yetenaweg: 
2024-06-10 09:52:32,488 __main__ INFO Scraped message from yetenaweg: 
2024-06-10 09:52:32,488 __main__ INFO Scraped message from yetenaweg: 
2024-06-10 09:52:32,488 __main__ INFO Scraped message from yetenaweg: 
2024-06-10 09:52:32,488 __main__ INFO Scraped message from yetenaweg: 
2024-06-10 09:52:32,491 __main__ INFO Scraped message from yetenaweg: 
2024-06-10 09:52:32,492 __main__ INFO Scraped message from yetenaweg: 
2024-06-10 09:52:32,492 __main__ INFO Scraped message from yetenaweg: 
2024-06-10 09:52:32,495 __main__ INFO Scraped message from yetenaweg: 
2024-06-10 09:52:32,500 __main__ INFO Scraped message from yetenaweg: None
2024-06-10 09:52:32,500 __main__ INFO Scraped message from yetenaweg: None
2024-06-10 09:52:32,508 __main__ INFO Scraped message from yetenaweg: On #MayDay, let's honor Ethiopia's healthcare professionals who give so much to us all. 
They deserve a living wage, fair working conditions, and access to basic needs like healthcare. 
Let's support our doctors, nurses, and all healthcare workers. 
It's time to take action. 
#WorkersDay #HealthcareHeroes
2024-06-10 09:52:32,510 __main__ INFO Scraped message from yetenaweg: 
2024-06-10 09:52:32,510 __main__ INFO Scraped message from yetenaweg: 
2024-06-10 09:52:32,519 __main__ INFO Scraped message from yetenaweg: None
2024-06-10 09:52:32,522 __main__ INFO Scraped message from yetenaweg: None
2024-06-10 09:52:32,528 __main__ INFO Scraped message from yetenaweg: 
2024-06-10 09:52:32,541 __main__ INFO Scraped message from yetenaweg: None
2024-06-10 09:52:32,541 __main__ INFO Scraped message from yetenaweg: None
2024-06-10 09:52:32,546 __main__ INFO Scraped message from yetenaweg: None
2024-06-10 09:52:32,550 __main__ INFO Scraped message from yetenaweg: 
2024-06-10 09:52:32,558 __main__ INFO Scraped message from yetenaweg: 
2024-06-10 09:52:32,560 __main__ INFO Scraped message from yetenaweg: 
2024-06-10 09:52:32,560 __main__ INFO Scraped message from yetenaweg: 
2024-06-10 09:52:32,563 __main__ INFO Scraped message from yetenaweg: None
2024-06-10 09:52:32,565 __main__ INFO Scraped message from yetenaweg: None
2024-06-10 09:52:32,567 __main__ INFO Scraped message from yetenaweg: None
2024-06-10 09:52:32,568 __main__ INFO Scraped message from yetenaweg: None
2024-06-10 09:52:32,568 __main__ INFO Scraped message from yetenaweg: None
2024-06-10 09:52:32,568 __main__ INFO Scraped message from yetenaweg: None
2024-06-10 09:52:32,568 __main__ INFO Scraped message from yetenaweg: 
2024-06-10 09:52:32,576 __main__ INFO Scraped message from yetenaweg: None
2024-06-10 09:52:32,630 __main__ INFO Scraped message from yetenaweg: 
2024-06-10 09:52:32,630 __main__ INFO Scraped message from yetenaweg: 
2024-06-10 09:52:32,631 __main__ INFO Scraped message from yetenaweg: 
2024-06-10 09:52:32,644 __main__ INFO Scraped message from yetenaweg: 
2024-06-10 09:52:32,644 __main__ INFO Scraped message from yetenaweg: None
2024-06-10 09:52:32,648 __main__ INFO Scraped message from yetenaweg: None
2024-06-10 09:52:32,650 __main__ INFO Scraped message from yetenaweg: 
2024-06-10 09:52:32,651 __main__ INFO Scraped message from yetenaweg: 
2024-06-10 09:52:32,661 __main__ INFO Scraped message from yetenaweg: None
2024-06-10 09:52:33,549 __main__ INFO Scraped message from EAHCI: None
2024-06-10 09:52:33,550 __main__ INFO Scraped message from EAHCI: 
2024-06-10 09:52:33,586 __main__ INFO Scraped message from EAHCI: 
2024-06-10 09:52:33,615 __main__ INFO Scraped message from EAHCI: None
2024-06-10 09:52:33,637 __main__ INFO Scraped message from EAHCI: 
2024-06-10 09:52:33,648 __main__ INFO Scraped message from EAHCI: None
2024-06-10 09:52:33,658 __main__ INFO Scraped message from EAHCI: 
2024-06-10 09:52:33,678 __main__ INFO Scraped message from EAHCI: 
2024-06-10 09:52:33,694 __main__ INFO Scraped message from EAHCI: 
2024-06-10 09:52:33,698 __main__ INFO Scraped message from EAHCI: None
2024-06-10 09:52:33,701 __main__ INFO Scraped message from EAHCI: 
2024-06-10 09:52:33,731 __main__ INFO Scraped message from EAHCI: 
2024-06-10 09:52:33,754 __main__ INFO Scraped message from EAHCI: None
2024-06-10 09:52:33,773 __main__ INFO Scraped message from EAHCI: None
2024-06-10 09:52:33,779 __main__ INFO Scraped message from EAHCI: None
2024-06-10 09:52:33,790 __main__ INFO Scraped message from EAHCI: None
2024-06-10 09:52:33,816 __main__ INFO Scraped message from EAHCI: None
2024-06-10 09:52:33,825 __main__ INFO Scraped message from EAHCI: T.me/eahci
2024-06-10 09:52:33,830 __main__ INFO Scraped message from EAHCI: None
2024-06-10 09:52:33,834 __main__ INFO Scraped message from EAHCI: None
2024-06-10 09:52:33,834 __main__ INFO Scraped message from EAHCI: **To all NMEI applicant**
Written exam date: May 12, 2024 (Ginbot 4, 2016EC)
Venue: Medhanialem secondary school
Time: 8:30 AM (2:30 local time)
Check your name and room with the link below 
https://sphmmc.edu.et/2024/05/10/to-all-nmei-applicant/
2024-06-10 09:52:33,835 __main__ INFO Scraped message from EAHCI: None
2024-06-10 09:52:33,866 __main__ INFO Scraped message from EAHCI: None
2024-06-10 09:52:33,870 __main__ INFO Scraped message from EAHCI: None
2024-06-10 09:52:33,883 __main__ INFO Scraped message from EAHCI: 
2024-06-10 09:52:33,902 __main__ INFO Scraped message from EAHCI: " no health professional should provide services without holding his professional license." 
#Oromia Region health bureau
2024-06-10 09:52:33,909 __main__ INFO Stored 400 messages to raw_data/messages.csv
2024-06-10 09:52:33,909 telethon.network.mtprotosender INFO Disconnecting from 149.154.167.91:443/TcpFull...
2024-06-10 09:52:33,911 telethon.network.mtprotosender INFO Disconnection from 149.154.167.91:443/TcpFull complete!
